2017-02-26 21:16:47,751 - INFO main() - -- Starting the Software Assessment Framework --
2017-02-26 21:16:47,756 - INFO _log() -  * Running on http://127.0.0.1:5000/ (Press CTRL+C to quit)
2017-02-26 21:16:47,757 - INFO _log() -  * Restarting with stat
2017-02-26 21:16:48,404 - INFO main() - -- Starting the Software Assessment Framework --
2017-02-26 21:16:48,417 - WARNING _log() -  * Debugger is active!
2017-02-26 21:16:48,418 - INFO _log() -  * Debugger pin code: 224-760-089
2017-02-26 21:17:47,558 - INFO main() - -- Starting the Software Assessment Framework --
2017-02-26 21:17:47,563 - INFO _log() -  * Running on http://127.0.0.1:5000/ (Press CTRL+C to quit)
2017-02-26 21:17:47,564 - INFO _log() -  * Restarting with stat
2017-02-26 21:17:48,196 - INFO main() - -- Starting the Software Assessment Framework --
2017-02-26 21:17:48,209 - WARNING _log() -  * Debugger is active!
2017-02-26 21:17:48,209 - INFO _log() -  * Debugger pin code: 224-760-089
2017-02-26 21:19:38,723 - INFO main() - -- Starting the Software Assessment Framework --
2017-02-26 21:19:38,729 - INFO _log() -  * Running on http://127.0.0.1:5000/ (Press CTRL+C to quit)
2017-02-26 21:19:38,730 - INFO _log() -  * Restarting with stat
2017-02-26 21:19:39,401 - INFO main() - -- Starting the Software Assessment Framework --
2017-02-26 21:19:39,414 - WARNING _log() -  * Debugger is active!
2017-02-26 21:19:39,415 - INFO _log() -  * Debugger pin code: 224-760-089
2017-02-26 21:24:34,331 - INFO main() - -- Starting the Software Assessment Framework --
2017-02-26 21:24:34,334 - INFO _log() -  * Running on http://127.0.0.1:5000/ (Press CTRL+C to quit)
2017-02-26 21:24:34,335 - INFO _log() -  * Restarting with stat
2017-02-26 21:24:34,678 - INFO main() - -- Starting the Software Assessment Framework --
2017-02-26 21:24:34,685 - WARNING _log() -  * Debugger is active!
2017-02-26 21:24:34,701 - INFO _log() -  * Debugger pin code: 224-760-089
2017-02-26 21:28:02,599 - INFO main() - -- Starting the Software Assessment Framework --
2017-02-26 21:28:02,606 - INFO _log() -  * Running on http://127.0.0.1:5000/ (Press CTRL+C to quit)
2017-02-26 21:28:02,606 - INFO _log() -  * Restarting with stat
2017-02-26 21:28:02,923 - INFO main() - -- Starting the Software Assessment Framework --
2017-02-26 21:28:02,930 - WARNING _log() -  * Debugger is active!
2017-02-26 21:28:02,930 - INFO _log() -  * Debugger pin code: 224-760-089
2017-02-26 21:52:41,043 - INFO main() - -- Starting the Software Assessment Framework --
2017-02-26 21:52:41,050 - INFO _log() -  * Running on http://127.0.0.1:5000/ (Press CTRL+C to quit)
2017-02-26 21:52:41,050 - INFO _log() -  * Restarting with stat
2017-02-26 21:52:41,366 - INFO main() - -- Starting the Software Assessment Framework --
2017-02-26 21:52:41,373 - WARNING _log() -  * Debugger is active!
2017-02-26 21:52:41,373 - INFO _log() -  * Debugger pin code: 224-760-089
2017-02-26 21:52:49,960 - INFO _log() - 127.0.0.1 - - [26/Feb/2017 21:52:49] "GET / HTTP/1.1" 200 -
2017-02-26 21:52:50,128 - INFO _log() - 127.0.0.1 - - [26/Feb/2017 21:52:50] "GET /favicon.ico HTTP/1.1" 404 -
2017-02-26 21:52:50,169 - INFO _log() - 127.0.0.1 - - [26/Feb/2017 21:52:50] "GET /favicon.ico HTTP/1.1" 404 -
2017-02-26 21:53:02,781 - INFO find_repository_helper() - Finding a repository helper plugin to handle URL:https://github.com/softwaresaved/software-assessment-framework
2017-02-26 21:53:02,781 - DEBUG locatePlugins() - PluginFileLocator walks (recursively) into directory: /home/zucc/projects/SSI/SAF/software-assessment-framework/plugins/repository
2017-02-26 21:53:02,781 - DEBUG locatePlugins() - __init__.py is not a valid plugin for strategy info_ext
2017-02-26 21:53:02,781 - DEBUG locatePlugins() - helper.py is not a valid plugin for strategy info_ext
2017-02-26 21:53:02,782 - DEBUG locatePlugins() - bitbucket.py is not a valid plugin for strategy info_ext
2017-02-26 21:53:02,782 - DEBUG locatePlugins() - PluginFileLocator found a candidate:
    /home/zucc/projects/SSI/SAF/software-assessment-framework/plugins/repository/bitbucket.yapsy-plugin
2017-02-26 21:53:02,782 - DEBUG locatePlugins() - PluginFileLocator found a candidate:
    /home/zucc/projects/SSI/SAF/software-assessment-framework/plugins/repository/github.yapsy-plugin
2017-02-26 21:53:02,783 - DEBUG locatePlugins() - github.py is not a valid plugin for strategy info_ext
2017-02-26 21:53:02,783 - DEBUG locatePlugins() - github.cpython-35.pyc is not a valid plugin for strategy info_ext
2017-02-26 21:53:02,783 - DEBUG locatePlugins() - bitbucket.cpython-35.pyc is not a valid plugin for strategy info_ext
2017-02-26 21:53:02,783 - DEBUG locatePlugins() - __init__.cpython-35.pyc is not a valid plugin for strategy info_ext
2017-02-26 21:53:02,783 - DEBUG locatePlugins() - helper.cpython-35.pyc is not a valid plugin for strategy info_ext
2017-02-26 21:53:02,836 - INFO find_repository_helper() - GitHubHelper - can handle that URL
2017-02-26 21:53:02,837 - INFO login() - Logging in to GitHub
2017-02-26 21:53:02,837 - INFO login() - Trying to connect to repository with Username: softwaresaved / Repo: software-assessment-framework...
2017-02-26 21:53:02,837 - INFO build_url() - Building a url from ('https://api.github.com', 'repos', 'softwaresaved', 'software-assessment-framework')
2017-02-26 21:53:02,837 - INFO build_url() - Missed the cache building the url
2017-02-26 21:53:02,837 - DEBUG _get() - GET https://api.github.com/repos/softwaresaved/software-assessment-framework with {}
2017-02-26 21:53:02,842 - DEBUG _new_conn() - Starting new HTTPS connection (1): api.github.com
2017-02-26 21:53:03,253 - DEBUG _make_request() - https://api.github.com:443 "GET /repos/softwaresaved/software-assessment-framework HTTP/1.1" 200 None
2017-02-26 21:53:03,254 - INFO _json() - Attempting to get JSON information from a Response with status code 200 expecting 200
2017-02-26 21:53:03,254 - INFO _json() - JSON was returned
2017-02-26 21:53:03,257 - INFO login() - ...Success
2017-02-26 21:53:03,270 - INFO _log() - 127.0.0.1 - - [26/Feb/2017 21:53:03] "POST / HTTP/1.1" 302 -
2017-02-26 21:53:03,278 - DEBUG locatePlugins() - PluginFileLocator walks (recursively) into directory: /home/zucc/projects/SSI/SAF/software-assessment-framework/plugins/metric
2017-02-26 21:53:03,278 - DEBUG locatePlugins() - __init__.py is not a valid plugin for strategy info_ext
2017-02-26 21:53:03,278 - DEBUG locatePlugins() - freshness.py is not a valid plugin for strategy info_ext
2017-02-26 21:53:03,278 - DEBUG locatePlugins() - PluginFileLocator found a candidate:
    /home/zucc/projects/SSI/SAF/software-assessment-framework/plugins/metric/vitality.yapsy-plugin
2017-02-26 21:53:03,279 - DEBUG locatePlugins() - vitality.py is not a valid plugin for strategy info_ext
2017-02-26 21:53:03,279 - DEBUG locatePlugins() - PluginFileLocator found a candidate:
    /home/zucc/projects/SSI/SAF/software-assessment-framework/plugins/metric/readme.yapsy-plugin
2017-02-26 21:53:03,279 - DEBUG locatePlugins() - PluginFileLocator found a candidate:
    /home/zucc/projects/SSI/SAF/software-assessment-framework/plugins/metric/freshness.yapsy-plugin
2017-02-26 21:53:03,280 - DEBUG locatePlugins() - contributing.py is not a valid plugin for strategy info_ext
2017-02-26 21:53:03,280 - DEBUG locatePlugins() - metric.py is not a valid plugin for strategy info_ext
2017-02-26 21:53:03,280 - DEBUG locatePlugins() - PluginFileLocator found a candidate:
    /home/zucc/projects/SSI/SAF/software-assessment-framework/plugins/metric/license.yapsy-plugin
2017-02-26 21:53:03,281 - DEBUG locatePlugins() - readme.py is not a valid plugin for strategy info_ext
2017-02-26 21:53:03,281 - DEBUG locatePlugins() - PluginFileLocator found a candidate:
    /home/zucc/projects/SSI/SAF/software-assessment-framework/plugins/metric/contributing.yapsy-plugin
2017-02-26 21:53:03,281 - DEBUG locatePlugins() - license.py is not a valid plugin for strategy info_ext
2017-02-26 21:53:03,281 - DEBUG locatePlugins() - metric.cpython-35.pyc is not a valid plugin for strategy info_ext
2017-02-26 21:53:03,281 - DEBUG locatePlugins() - readme.cpython-35.pyc is not a valid plugin for strategy info_ext
2017-02-26 21:53:03,281 - DEBUG locatePlugins() - license.cpython-35.pyc is not a valid plugin for strategy info_ext
2017-02-26 21:53:03,282 - DEBUG locatePlugins() - __init__.cpython-35.pyc is not a valid plugin for strategy info_ext
2017-02-26 21:53:03,290 - INFO _log() - 127.0.0.1 - - [26/Feb/2017 21:53:03] "GET /metrics/select HTTP/1.1" 200 -
2017-02-26 21:53:09,442 - DEBUG locatePlugins() - PluginFileLocator walks (recursively) into directory: /home/zucc/projects/SSI/SAF/software-assessment-framework/plugins/metric
2017-02-26 21:53:09,442 - DEBUG locatePlugins() - __init__.py is not a valid plugin for strategy info_ext
2017-02-26 21:53:09,442 - DEBUG locatePlugins() - freshness.py is not a valid plugin for strategy info_ext
2017-02-26 21:53:09,442 - DEBUG locatePlugins() - PluginFileLocator found a candidate:
    /home/zucc/projects/SSI/SAF/software-assessment-framework/plugins/metric/vitality.yapsy-plugin
2017-02-26 21:53:09,442 - DEBUG locatePlugins() - vitality.py is not a valid plugin for strategy info_ext
2017-02-26 21:53:09,443 - DEBUG locatePlugins() - PluginFileLocator found a candidate:
    /home/zucc/projects/SSI/SAF/software-assessment-framework/plugins/metric/readme.yapsy-plugin
2017-02-26 21:53:09,443 - DEBUG locatePlugins() - PluginFileLocator found a candidate:
    /home/zucc/projects/SSI/SAF/software-assessment-framework/plugins/metric/freshness.yapsy-plugin
2017-02-26 21:53:09,444 - DEBUG locatePlugins() - contributing.py is not a valid plugin for strategy info_ext
2017-02-26 21:53:09,444 - DEBUG locatePlugins() - metric.py is not a valid plugin for strategy info_ext
2017-02-26 21:53:09,444 - DEBUG locatePlugins() - PluginFileLocator found a candidate:
    /home/zucc/projects/SSI/SAF/software-assessment-framework/plugins/metric/license.yapsy-plugin
2017-02-26 21:53:09,444 - DEBUG locatePlugins() - readme.py is not a valid plugin for strategy info_ext
2017-02-26 21:53:09,444 - DEBUG locatePlugins() - PluginFileLocator found a candidate:
    /home/zucc/projects/SSI/SAF/software-assessment-framework/plugins/metric/contributing.yapsy-plugin
2017-02-26 21:53:09,445 - DEBUG locatePlugins() - license.py is not a valid plugin for strategy info_ext
2017-02-26 21:53:09,445 - DEBUG locatePlugins() - vitality.cpython-35.pyc is not a valid plugin for strategy info_ext
2017-02-26 21:53:09,445 - DEBUG locatePlugins() - metric.cpython-35.pyc is not a valid plugin for strategy info_ext
2017-02-26 21:53:09,445 - DEBUG locatePlugins() - freshness.cpython-35.pyc is not a valid plugin for strategy info_ext
2017-02-26 21:53:09,445 - DEBUG locatePlugins() - readme.cpython-35.pyc is not a valid plugin for strategy info_ext
2017-02-26 21:53:09,445 - DEBUG locatePlugins() - license.cpython-35.pyc is not a valid plugin for strategy info_ext
2017-02-26 21:53:09,445 - DEBUG locatePlugins() - contributing.cpython-35.pyc is not a valid plugin for strategy info_ext
2017-02-26 21:53:09,445 - DEBUG locatePlugins() - __init__.cpython-35.pyc is not a valid plugin for strategy info_ext
2017-02-26 21:53:09,447 - INFO find_repository_helper() - Finding a repository helper plugin to handle URL:https://github.com/softwaresaved/software-assessment-framework
2017-02-26 21:53:09,447 - DEBUG locatePlugins() - PluginFileLocator walks (recursively) into directory: /home/zucc/projects/SSI/SAF/software-assessment-framework/plugins/repository
2017-02-26 21:53:09,447 - DEBUG locatePlugins() - __init__.py is not a valid plugin for strategy info_ext
2017-02-26 21:53:09,447 - DEBUG locatePlugins() - helper.py is not a valid plugin for strategy info_ext
2017-02-26 21:53:09,447 - DEBUG locatePlugins() - bitbucket.py is not a valid plugin for strategy info_ext
2017-02-26 21:53:09,447 - DEBUG locatePlugins() - PluginFileLocator found a candidate:
    /home/zucc/projects/SSI/SAF/software-assessment-framework/plugins/repository/bitbucket.yapsy-plugin
2017-02-26 21:53:09,448 - DEBUG locatePlugins() - PluginFileLocator found a candidate:
    /home/zucc/projects/SSI/SAF/software-assessment-framework/plugins/repository/github.yapsy-plugin
2017-02-26 21:53:09,448 - DEBUG locatePlugins() - github.py is not a valid plugin for strategy info_ext
2017-02-26 21:53:09,448 - DEBUG locatePlugins() - github.cpython-35.pyc is not a valid plugin for strategy info_ext
2017-02-26 21:53:09,448 - DEBUG locatePlugins() - bitbucket.cpython-35.pyc is not a valid plugin for strategy info_ext
2017-02-26 21:53:09,448 - DEBUG locatePlugins() - __init__.cpython-35.pyc is not a valid plugin for strategy info_ext
2017-02-26 21:53:09,448 - DEBUG locatePlugins() - helper.cpython-35.pyc is not a valid plugin for strategy info_ext
2017-02-26 21:53:09,449 - INFO find_repository_helper() - GitHubHelper - can handle that URL
2017-02-26 21:53:09,450 - INFO login() - Logging in to GitHub
2017-02-26 21:53:09,450 - INFO login() - Trying to connect to repository with Username: softwaresaved / Repo: software-assessment-framework...
2017-02-26 21:53:09,450 - INFO build_url() - Building a url from ('https://api.github.com', 'repos', 'softwaresaved', 'software-assessment-framework')
2017-02-26 21:53:09,450 - DEBUG _get() - GET https://api.github.com/repos/softwaresaved/software-assessment-framework with {}
2017-02-26 21:53:09,451 - DEBUG _new_conn() - Starting new HTTPS connection (1): api.github.com
2017-02-26 21:53:09,890 - DEBUG _make_request() - https://api.github.com:443 "GET /repos/softwaresaved/software-assessment-framework HTTP/1.1" 200 None
2017-02-26 21:53:09,891 - INFO _json() - Attempting to get JSON information from a Response with status code 200 expecting 200
2017-02-26 21:53:09,891 - INFO _json() - JSON was returned
2017-02-26 21:53:09,891 - INFO login() - ...Success
2017-02-26 21:53:09,891 - INFO build_url() - Building a url from ('https://api.github.com/repos/softwaresaved/software-assessment-framework', 'contents', '/')
2017-02-26 21:53:09,891 - INFO build_url() - Missed the cache building the url
2017-02-26 21:53:09,891 - DEBUG _get() - GET https://api.github.com/repos/softwaresaved/software-assessment-framework/contents// with {'params': {'ref': None}}
2017-02-26 21:53:09,993 - DEBUG _make_request() - https://api.github.com:443 "GET /repos/softwaresaved/software-assessment-framework/contents// HTTP/1.1" 302 0
2017-02-26 21:53:10,102 - DEBUG _make_request() - https://api.github.com:443 "GET /repositories/59762143/contents/ HTTP/1.1" 200 None
2017-02-26 21:53:10,103 - INFO _json() - Attempting to get JSON information from a Response with status code 200 expecting 200
2017-02-26 21:53:10,103 - INFO _json() - JSON was returned
2017-02-26 21:53:10,114 - INFO build_url() - Building a url from ('https://api.github.com/repos/softwaresaved/software-assessment-framework', 'contents', '/')
2017-02-26 21:53:10,114 - DEBUG _get() - GET https://api.github.com/repos/softwaresaved/software-assessment-framework/contents// with {'params': {'ref': None}}
2017-02-26 21:53:10,215 - DEBUG _make_request() - https://api.github.com:443 "GET /repos/softwaresaved/software-assessment-framework/contents// HTTP/1.1" 302 0
2017-02-26 21:53:10,330 - DEBUG _make_request() - https://api.github.com:443 "GET /repositories/59762143/contents/ HTTP/1.1" 200 None
2017-02-26 21:53:10,331 - INFO _json() - Attempting to get JSON information from a Response with status code 200 expecting 200
2017-02-26 21:53:10,331 - INFO _json() - JSON was returned
2017-02-26 21:53:10,331 - INFO get_files_from_root() - Found a candidate file: README.md
2017-02-26 21:53:10,331 - INFO build_url() - Building a url from ('https://api.github.com/repos/softwaresaved/software-assessment-framework', 'contents', 'README.md')
2017-02-26 21:53:10,331 - INFO build_url() - Missed the cache building the url
2017-02-26 21:53:10,331 - DEBUG _get() - GET https://api.github.com/repos/softwaresaved/software-assessment-framework/contents/README.md with {'params': {'ref': None}}
2017-02-26 21:53:10,448 - DEBUG _make_request() - https://api.github.com:443 "GET /repos/softwaresaved/software-assessment-framework/contents/README.md HTTP/1.1" 200 None
2017-02-26 21:53:10,448 - INFO _json() - Attempting to get JSON information from a Response with status code 200 expecting 200
2017-02-26 21:53:10,449 - INFO _json() - JSON was returned
2017-02-26 21:53:10,449 - INFO run() - Locating README
2017-02-26 21:53:10,458 - INFO build_url() - Building a url from ('https://api.github.com/repos/softwaresaved/software-assessment-framework', 'commits')
2017-02-26 21:53:10,458 - INFO build_url() - Missed the cache building the url
2017-02-26 21:53:10,459 - DEBUG _get() - GET https://api.github.com/repos/softwaresaved/software-assessment-framework/commits with {'headers': {}, 'params': {'per_page': 100}}
2017-02-26 21:53:10,610 - DEBUG _make_request() - https://api.github.com:443 "GET /repos/softwaresaved/software-assessment-framework/commits?per_page=100 HTTP/1.1" 200 None
2017-02-26 21:53:10,696 - INFO _json() - Attempting to get JSON information from a Response with status code 200 expecting 200
2017-02-26 21:53:10,697 - INFO _json() - JSON was returned
2017-02-26 21:53:10,708 - INFO get_commits() - Retrieved 64 commits from repository with Username: softwaresaved / Repo: software-assessment-framework...
2017-02-26 21:53:10,717 - INFO build_url() - Building a url from ('https://api.github.com/repos/softwaresaved/software-assessment-framework', 'contents', '/')
2017-02-26 21:53:10,718 - DEBUG _get() - GET https://api.github.com/repos/softwaresaved/software-assessment-framework/contents// with {'params': {'ref': None}}
2017-02-26 21:53:10,824 - DEBUG _make_request() - https://api.github.com:443 "GET /repos/softwaresaved/software-assessment-framework/contents// HTTP/1.1" 302 0
2017-02-26 21:53:10,929 - DEBUG _make_request() - https://api.github.com:443 "GET /repositories/59762143/contents/ HTTP/1.1" 200 None
2017-02-26 21:53:10,930 - INFO _json() - Attempting to get JSON information from a Response with status code 200 expecting 200
2017-02-26 21:53:10,931 - INFO _json() - JSON was returned
2017-02-26 21:53:10,931 - INFO get_files_from_root() - Found a candidate file: LICENSE
2017-02-26 21:53:10,931 - INFO build_url() - Building a url from ('https://api.github.com/repos/softwaresaved/software-assessment-framework', 'contents', 'LICENSE')
2017-02-26 21:53:10,931 - INFO build_url() - Missed the cache building the url
2017-02-26 21:53:10,931 - DEBUG _get() - GET https://api.github.com/repos/softwaresaved/software-assessment-framework/contents/LICENSE with {'params': {'ref': None}}
2017-02-26 21:53:11,044 - DEBUG _make_request() - https://api.github.com:443 "GET /repos/softwaresaved/software-assessment-framework/contents/LICENSE HTTP/1.1" 200 None
2017-02-26 21:53:11,045 - INFO _json() - Attempting to get JSON information from a Response with status code 200 expecting 200
2017-02-26 21:53:11,045 - INFO _json() - JSON was returned
2017-02-26 21:53:11,046 - INFO run() - Identifying license
2017-02-26 21:53:11,054 - INFO build_url() - Building a url from ('https://api.github.com/repos/softwaresaved/software-assessment-framework', 'commits')
2017-02-26 21:53:11,054 - DEBUG _get() - GET https://api.github.com/repos/softwaresaved/software-assessment-framework/commits with {'headers': {}, 'params': {'per_page': 100}}
2017-02-26 21:53:11,199 - DEBUG _make_request() - https://api.github.com:443 "GET /repos/softwaresaved/software-assessment-framework/commits?per_page=100 HTTP/1.1" 200 None
2017-02-26 21:53:11,202 - INFO _json() - Attempting to get JSON information from a Response with status code 200 expecting 200
2017-02-26 21:53:11,204 - INFO _json() - JSON was returned
2017-02-26 21:53:11,216 - INFO get_commits() - Retrieved 64 commits from repository with Username: softwaresaved / Repo: software-assessment-framework...
2017-02-26 21:53:11,229 - INFO _log() - 127.0.0.1 - - [26/Feb/2017 21:53:11] "POST /metrics/select HTTP/1.1" 302 -
2017-02-26 21:53:11,245 - INFO _log() - 127.0.0.1 - - [26/Feb/2017 21:53:11] "GET /metrics/results/3 HTTP/1.1" 200 -
2017-02-26 21:53:50,649 - INFO _log() -  * Detected change in '/home/zucc/projects/SSI/SAF/software-assessment-framework/config.py', reloading
2017-02-26 21:53:50,689 - INFO _log() -  * Restarting with stat
2017-02-26 21:53:51,003 - INFO main() - -- Starting the Software Assessment Framework --
2017-02-26 21:53:51,010 - WARNING _log() -  * Debugger is active!
2017-02-26 21:53:51,010 - INFO _log() -  * Debugger pin code: 224-760-089
